
> nawettane-backend@0.1.0 start:dev
> nest start --watch

[2J[3J[H[[90m16:54:53[0m] Starting compilation in watch mode...

[[90m16:55:00[0m] Found 0 errors. Watching for file changes.

[32m[Nest] 12424  - [39m25/04/2026 16:55:03 [32m    LOG[39m [38;5;3m[NestFactory] [39m[32mStarting Nest application...[39m
[32m[Nest] 12424  - [39m25/04/2026 16:55:03 [32m    LOG[39m [38;5;3m[InstanceLoader] [39m[32mPrismaModule dependencies initialized[39m[38;5;3m +59ms[39m
[32m[Nest] 12424  - [39m25/04/2026 16:55:03 [32m    LOG[39m [38;5;3m[InstanceLoader] [39m[32mPassportModule dependencies initialized[39m[38;5;3m +1ms[39m
[32m[Nest] 12424  - [39m25/04/2026 16:55:03 [32m    LOG[39m [38;5;3m[InstanceLoader] [39m[32mSeasonsModule dependencies initialized[39m[38;5;3m +1ms[39m
[32m[Nest] 12424  - [39m25/04/2026 16:55:03 [32m    LOG[39m [38;5;3m[InstanceLoader] [39m[32mConfigHostModule dependencies initialized[39m[38;5;3m +11ms[39m
[32m[Nest] 12424  - [39m25/04/2026 16:55:03 [32m    LOG[39m [38;5;3m[InstanceLoader] [39m[32mConfigModule dependencies initialized[39m[38;5;3m +3ms[39m
[32m[Nest] 12424  - [39m25/04/2026 16:55:03 [32m    LOG[39m [38;5;3m[InstanceLoader] [39m[32mConfigModule dependencies initialized[39m[38;5;3m +1ms[39m
[32m[Nest] 12424  - [39m25/04/2026 16:55:03 [32m    LOG[39m [38;5;3m[InstanceLoader] [39m[32mAppModule dependencies initialized[39m[38;5;3m +2ms[39m
[32m[Nest] 12424  - [39m25/04/2026 16:55:03 [32m    LOG[39m [38;5;3m[InstanceLoader] [39m[32mOrdersModule dependencies initialized[39m[38;5;3m +2ms[39m
[32m[Nest] 12424  - [39m25/04/2026 16:55:03 [32m    LOG[39m [38;5;3m[InstanceLoader] [39m[32mPaymentsModule dependencies initialized[39m[38;5;3m +1ms[39m
[32m[Nest] 12424  - [39m25/04/2026 16:55:03 [32m    LOG[39m [38;5;3m[InstanceLoader] [39m[32mTicketsModule dependencies initialized[39m[38;5;3m +1ms[39m
[32m[Nest] 12424  - [39m25/04/2026 16:55:03 [32m    LOG[39m [38;5;3m[InstanceLoader] [39m[32mJwtModule dependencies initialized[39m[38;5;3m +1ms[39m
[32m[Nest] 12424  - [39m25/04/2026 16:55:03 [32m    LOG[39m [38;5;3m[InstanceLoader] [39m[32mUsersModule dependencies initialized[39m[38;5;3m +1ms[39m
[32m[Nest] 12424  - [39m25/04/2026 16:55:03 [32m    LOG[39m [38;5;3m[InstanceLoader] [39m[32mOrganizationsModule dependencies initialized[39m[38;5;3m +0ms[39m
[32m[Nest] 12424  - [39m25/04/2026 16:55:03 [32m    LOG[39m [38;5;3m[InstanceLoader] [39m[32mMatchesModule dependencies initialized[39m[38;5;3m +0ms[39m
[32m[Nest] 12424  - [39m25/04/2026 16:55:03 [32m    LOG[39m [38;5;3m[InstanceLoader] [39m[32mScansModule dependencies initialized[39m[38;5;3m +1ms[39m
[32m[Nest] 12424  - [39m25/04/2026 16:55:03 [32m    LOG[39m [38;5;3m[InstanceLoader] [39m[32mReportingModule dependencies initialized[39m[38;5;3m +0ms[39m
[32m[Nest] 12424  - [39m25/04/2026 16:55:03 [32m    LOG[39m [38;5;3m[InstanceLoader] [39m[32mTeamsModule dependencies initialized[39m[38;5;3m +0ms[39m
[32m[Nest] 12424  - [39m25/04/2026 16:55:03 [32m    LOG[39m [38;5;3m[InstanceLoader] [39m[32mVenuesModule dependencies initialized[39m[38;5;3m +0ms[39m
[32m[Nest] 12424  - [39m25/04/2026 16:55:03 [32m    LOG[39m [38;5;3m[InstanceLoader] [39m[32mAuthModule dependencies initialized[39m[38;5;3m +1ms[39m
[32m[Nest] 12424  - [39m25/04/2026 16:55:03 [32m    LOG[39m [38;5;3m[RoutesResolver] [39m[32mUsersController {/api/users}:[39m[38;5;3m +60ms[39m
[32m[Nest] 12424  - [39m25/04/2026 16:55:03 [32m    LOG[39m [38;5;3m[RouterExplorer] [39m[32mMapped {/api/users, GET} route[39m[38;5;3m +9ms[39m
[32m[Nest] 12424  - [39m25/04/2026 16:55:03 [32m    LOG[39m [38;5;3m[RouterExplorer] [39m[32mMapped {/api/users/:id, GET} route[39m[38;5;3m +1ms[39m
[32m[Nest] 12424  - [39m25/04/2026 16:55:03 [32m    LOG[39m [38;5;3m[RouterExplorer] [39m[32mMapped {/api/users, POST} route[39m[38;5;3m +1ms[39m
[32m[Nest] 12424  - [39m25/04/2026 16:55:03 [32m    LOG[39m [38;5;3m[RouterExplorer] [39m[32mMapped {/api/users/:id, PATCH} route[39m[38;5;3m +1ms[39m
[32m[Nest] 12424  - [39m25/04/2026 16:55:03 [32m    LOG[39m [38;5;3m[RouterExplorer] [39m[32mMapped {/api/users/:id, DELETE} route[39m[38;5;3m +1ms[39m
[32m[Nest] 12424  - [39m25/04/2026 16:55:03 [32m    LOG[39m [38;5;3m[RoutesResolver] [39m[32mAuthController {/api}:[39m[38;5;3m +0ms[39m
[32m[Nest] 12424  - [39m25/04/2026 16:55:03 [32m    LOG[39m [38;5;3m[RouterExplorer] [39m[32mMapped {/api/auth/login, POST} route[39m[38;5;3m +1ms[39m
[32m[Nest] 12424  - [39m25/04/2026 16:55:03 [32m    LOG[39m [38;5;3m[RouterExplorer] [39m[32mMapped {/api/me, GET} route[39m[38;5;3m +0ms[39m
[32m[Nest] 12424  - [39m25/04/2026 16:55:03 [32m    LOG[39m [38;5;3m[RoutesResolver] [39m[32mOrganizationsController {/api/organizations}:[39m[38;5;3m +0ms[39m
[32m[Nest] 12424  - [39m25/04/2026 16:55:03 [32m    LOG[39m [38;5;3m[RouterExplorer] [39m[32mMapped {/api/organizations/tree, GET} route[39m[38;5;3m +1ms[39m
[32m[Nest] 12424  - [39m25/04/2026 16:55:03 [32m    LOG[39m [38;5;3m[RouterExplorer] [39m[32mMapped {/api/organizations/:id, GET} route[39m[38;5;3m +2ms[39m
[32m[Nest] 12424  - [39m25/04/2026 16:55:03 [32m    LOG[39m [38;5;3m[RoutesResolver] [39m[32mMatchesController {/api/matches}:[39m[38;5;3m +0ms[39m
[32m[Nest] 12424  - [39m25/04/2026 16:55:03 [32m    LOG[39m [38;5;3m[RouterExplorer] [39m[32mMapped {/api/matches, GET} route[39m[38;5;3m +2ms[39m
[32m[Nest] 12424  - [39m25/04/2026 16:55:03 [32m    LOG[39m [38;5;3m[RouterExplorer] [39m[32mMapped {/api/matches, POST} route[39m[38;5;3m +0ms[39m
[32m[Nest] 12424  - [39m25/04/2026 16:55:03 [32m    LOG[39m [38;5;3m[RouterExplorer] [39m[32mMapped {/api/matches/:id, GET} route[39m[38;5;3m +1ms[39m
[32m[Nest] 12424  - [39m25/04/2026 16:55:03 [32m    LOG[39m [38;5;3m[RouterExplorer] [39m[32mMapped {/api/matches/:id, PATCH} route[39m[38;5;3m +0ms[39m
[32m[Nest] 12424  - [39m25/04/2026 16:55:03 [32m    LOG[39m [38;5;3m[RouterExplorer] [39m[32mMapped {/api/matches/:id/publish, POST} route[39m[38;5;3m +1ms[39m
[32m[Nest] 12424  - [39m25/04/2026 16:55:03 [32m    LOG[39m [38;5;3m[RouterExplorer] [39m[32mMapped {/api/matches/:id, DELETE} route[39m[38;5;3m +0ms[39m
[32m[Nest] 12424  - [39m25/04/2026 16:55:03 [32m    LOG[39m [38;5;3m[RoutesResolver] [39m[32mOrdersController {/api/orders}:[39m[38;5;3m +1ms[39m
[32m[Nest] 12424  - [39m25/04/2026 16:55:03 [32m    LOG[39m [38;5;3m[RouterExplorer] [39m[32mMapped {/api/orders, POST} route[39m[38;5;3m +0ms[39m
[32m[Nest] 12424  - [39m25/04/2026 16:55:03 [32m    LOG[39m [38;5;3m[RoutesResolver] [39m[32mPaymentsController {/api/payments}:[39m[38;5;3m +0ms[39m
[32m[Nest] 12424  - [39m25/04/2026 16:55:03 [32m    LOG[39m [38;5;3m[RouterExplorer] [39m[32mMapped {/api/payments/:orderId/mock-confirm, POST} route[39m[38;5;3m +1ms[39m
[32m[Nest] 12424  - [39m25/04/2026 16:55:03 [32m    LOG[39m [38;5;3m[RoutesResolver] [39m[32mTicketsController {/api/tickets}:[39m[38;5;3m +0ms[39m
[32m[Nest] 12424  - [39m25/04/2026 16:55:03 [32m    LOG[39m [38;5;3m[RouterExplorer] [39m[32mMapped {/api/tickets/:id, GET} route[39m[38;5;3m +1ms[39m
[32m[Nest] 12424  - [39m25/04/2026 16:55:03 [32m    LOG[39m [38;5;3m[RoutesResolver] [39m[32mScansController {/api/scan}:[39m[38;5;3m +0ms[39m
[32m[Nest] 12424  - [39m25/04/2026 16:55:03 [32m    LOG[39m [38;5;3m[RouterExplorer] [39m[32mMapped {/api/scan/validate, POST} route[39m[38;5;3m +1ms[39m
[32m[Nest] 12424  - [39m25/04/2026 16:55:03 [32m    LOG[39m [38;5;3m[RoutesResolver] [39m[32mReportingController {/api/reports}:[39m[38;5;3m +0ms[39m
[32m[Nest] 12424  - [39m25/04/2026 16:55:03 [32m    LOG[39m [38;5;3m[RouterExplorer] [39m[32mMapped {/api/reports/dashboard, GET} route[39m[38;5;3m +1ms[39m
[32m[Nest] 12424  - [39m25/04/2026 16:55:03 [32m    LOG[39m [38;5;3m[RoutesResolver] [39m[32mTeamsController {/api/teams}:[39m[38;5;3m +0ms[39m
[32m[Nest] 12424  - [39m25/04/2026 16:55:03 [32m    LOG[39m [38;5;3m[RouterExplorer] [39m[32mMapped {/api/teams, GET} route[39m[38;5;3m +1ms[39m
[32m[Nest] 12424  - [39m25/04/2026 16:55:03 [32m    LOG[39m [38;5;3m[RouterExplorer] [39m[32mMapped {/api/teams/:id, GET} route[39m[38;5;3m +1ms[39m
[32m[Nest] 12424  - [39m25/04/2026 16:55:03 [32m    LOG[39m [38;5;3m[RouterExplorer] [39m[32mMapped {/api/teams, POST} route[39m[38;5;3m +0ms[39m
[32m[Nest] 12424  - [39m25/04/2026 16:55:03 [32m    LOG[39m [38;5;3m[RouterExplorer] [39m[32mMapped {/api/teams/:id, PATCH} route[39m[38;5;3m +0ms[39m
[32m[Nest] 12424  - [39m25/04/2026 16:55:03 [32m    LOG[39m [38;5;3m[RouterExplorer] [39m[32mMapped {/api/teams/:id, DELETE} route[39m[38;5;3m +1ms[39m
[32m[Nest] 12424  - [39m25/04/2026 16:55:03 [32m    LOG[39m [38;5;3m[RoutesResolver] [39m[32mVenuesController {/api/venues}:[39m[38;5;3m +0ms[39m
[32m[Nest] 12424  - [39m25/04/2026 16:55:03 [32m    LOG[39m [38;5;3m[RouterExplorer] [39m[32mMapped {/api/venues, GET} route[39m[38;5;3m +1ms[39m
[32m[Nest] 12424  - [39m25/04/2026 16:55:03 [32m    LOG[39m [38;5;3m[RouterExplorer] [39m[32mMapped {/api/venues/:id, GET} route[39m[38;5;3m +0ms[39m
[32m[Nest] 12424  - [39m25/04/2026 16:55:03 [32m    LOG[39m [38;5;3m[RouterExplorer] [39m[32mMapped {/api/venues, POST} route[39m[38;5;3m +0ms[39m
[32m[Nest] 12424  - [39m25/04/2026 16:55:03 [32m    LOG[39m [38;5;3m[RouterExplorer] [39m[32mMapped {/api/venues/:id, PATCH} route[39m[38;5;3m +1ms[39m
[32m[Nest] 12424  - [39m25/04/2026 16:55:03 [32m    LOG[39m [38;5;3m[RouterExplorer] [39m[32mMapped {/api/venues/:id, DELETE} route[39m[38;5;3m +0ms[39m
[32m[Nest] 12424  - [39m25/04/2026 16:55:03 [32m    LOG[39m [38;5;3m[NestApplication] [39m[32mNest application successfully started[39m[38;5;3m +112ms[39m
[2J[3J[H[[90m16:57:58[0m] File change detected. Starting incremental compilation...

