[31m[Nest] 7388  - [39m23/04/2026 20:46:05 [31m  ERROR[39m [38;5;3m[ExceptionsHandler] [39mPrismaClientKnownRequestError: 
Invalid `this.prisma.order.findMany()` invocation in
C:\Projects\NAWETANE\backend\src\reporting\reporting.service.ts:46:25

  43     awayTeam: true,
  44   },
  45 }),
→ 46 this.prisma.order.findMany(
The column `colonne` does not exist in the current database.
    at ei.handleRequestError [90m(C:\Projects\NAWETANE\backend\[39mnode_modules\[4m@prisma[24m\client\src\runtime\RequestHandler.ts:228:13[90m)[39m
    at ei.handleAndLogRequestError [90m(C:\Projects\NAWETANE\backend\[39mnode_modules\[4m@prisma[24m\client\src\runtime\RequestHandler.ts:174:12[90m)[39m
    at ei.request [90m(C:\Projects\NAWETANE\backend\[39mnode_modules\[4m@prisma[24m\client\src\runtime\RequestHandler.ts:143:12[90m)[39m
    at async a [90m(C:\Projects\NAWETANE\backend\[39mnode_modules\[4m@prisma[24m\client\src\runtime\getPrismaClient.ts:833:24[90m)[39m
    at async Promise.all (index 1)
    at async ReportingService.getDashboard [90m(C:\Projects\NAWETANE\backend\[39msrc\reporting\reporting.service.ts:30:60[90m)[39m
    at async [90mC:\Projects\NAWETANE\backend\[39mnode_modules\[4m@nestjs[24m\core\router\router-execution-context.js:46:28
    at async [90mC:\Projects\NAWETANE\backend\[39mnode_modules\[4m@nestjs[24m\core\router\router-proxy.js:9:17 {
  code: [32m'P2022'[39m,
  meta: {
    modelName: [32m'Order'[39m,
    column: [32m'colonne'[39m
  },
  clientVersion: [32m'6.19.3'[39m
}
^C^C