[31m[Nest] 17448  - [39m26/04/2026 15:01:10 [31m  ERROR[39m [38;5;3m[ReportingService] [39m[31mGrouped reporting failed for reportType=zone; falling back to legacy KPI dashboard.[39m
PrismaClientKnownRequestError: 
Invalid `this.prisma.order.findMany()` invocation in
C:\Projects\NAWETANE\backend\src\reporting\reporting.service.ts:111:27

  108     awayTeam: true,
  109   },
  110 }),
→ 111 this.prisma.order.findMany(
The column `colonne` does not exist in the current database.
    at ei.handleRequestError (C:\Projects\NAWETANE\backend\node_modules\@prisma\client\src\runtime\RequestHandler.ts:228:13)
    at ei.handleAndLogRequestError (C:\Projects\NAWETANE\backend\node_modules\@prisma\client\src\runtime\RequestHandler.ts:174:12)
    at ei.request (C:\Projects\NAWETANE\backend\node_modules\@prisma\client\src\runtime\RequestHandler.ts:143:12)
    at async a (C:\Projects\NAWETANE\backend\node_modules\@prisma\client\src\runtime\getPrismaClient.ts:833:24)
    at async Promise.all (index 1)
    at async ReportingService.getDashboard (C:\Projects\NAWETANE\backend\src\reporting\reporting.service.ts:95:62)
    at async C:\Projects\NAWETANE\backend\node_modules\@nestjs\core\router\router-execution-context.js:46:28
    at async C:\Projects\NAWETANE\backend\node_modules\@nestjs\core\router\router-proxy.js:9:17
[31m[Nest] 17448  - [39m26/04/2026 15:01:10 [31m  ERROR[39m [38;5;3m[ReportingService] [39m[31mGrouped reporting failed for reportType=zone; falling back to legacy KPI dashboard.[39m
PrismaClientKnownRequestError: 
Invalid `this.prisma.ticket.findMany()` invocation in
C:\Projects\NAWETANE\backend\src\reporting\reporting.service.ts:130:28

  127     },
  128   },
  129 }),
→ 130 this.prisma.ticket.findMany(
The column `colonne` does not exist in the current database.
    at ei.handleRequestError (C:\Projects\NAWETANE\backend\node_modules\@prisma\client\src\runtime\RequestHandler.ts:228:13)
    at ei.handleAndLogRequestError (C:\Projects\NAWETANE\backend\node_modules\@prisma\client\src\runtime\RequestHandler.ts:174:12)
    at ei.request (C:\Projects\NAWETANE\backend\node_modules\@prisma\client\src\runtime\RequestHandler.ts:143:12)
    at async a (C:\Projects\NAWETANE\backend\node_modules\@prisma\client\src\runtime\getPrismaClient.ts:833:24)
    at async Promise.all (index 2)
    at async ReportingService.getDashboard (C:\Projects\NAWETANE\backend\src\reporting\reporting.service.ts:95:62)
    at async C:\Projects\NAWETANE\backend\node_modules\@nestjs\core\router\router-execution-context.js:46:28
    at async C:\Projects\NAWETANE\backend\node_modules\@nestjs\core\router\router-proxy.js:9:17
[31m[Nest] 17448  - [39m26/04/2026 15:01:13 [31m  ERROR[39m [38;5;3m[ExceptionsHandler] [39mPrismaClientKnownRequestError: 
Invalid `this.prisma.ticket.findMany()` invocation in
C:\Projects\NAWETANE\backend\src\reporting\reporting.service.ts:785:39

  782 const matchWhere = this.buildMatchWhere(scope, query);
  783 
  784 try {
→ 785   return await this.prisma.ticket.findMany(
The column `colonne` does not exist in the current database.
    at ei.handleRequestError [90m(C:\Projects\NAWETANE\backend\[39mnode_modules\[4m@prisma[24m\client\src\runtime\RequestHandler.ts:228:13[90m)[39m
    at ei.handleAndLogRequestError [90m(C:\Projects\NAWETANE\backend\[39mnode_modules\[4m@prisma[24m\client\src\runtime\RequestHandler.ts:174:12[90m)[39m
    at ei.request [90m(C:\Projects\NAWETANE\backend\[39mnode_modules\[4m@prisma[24m\client\src\runtime\RequestHandler.ts:143:12[90m)[39m
    at async a [90m(C:\Projects\NAWETANE\backend\[39mnode_modules\[4m@prisma[24m\client\src\runtime\getPrismaClient.ts:833:24[90m)[39m
    at async ReportingService.getScopedTickets [90m(C:\Projects\NAWETANE\backend\[39msrc\reporting\reporting.service.ts:785:14[90m)[39m
    at async ReportingService.exportTicketsWorkbook [90m(C:\Projects\NAWETANE\backend\[39msrc\reporting\reporting.service.ts:281:21[90m)[39m
    at async ReportingController.exportTickets [90m(C:\Projects\NAWETANE\backend\[39msrc\reporting\reporting.controller.ts:88:20[90m)[39m
    at async [90mC:\Projects\NAWETANE\backend\[39mnode_modules\[4m@nestjs[24m\core\router\router-execution-context.js:46:28
    at async [90mC:\Projects\NAWETANE\backend\[39mnode_modules\[4m@nestjs[24m\core\router\router-proxy.js:9:17 {
  code: [32m'P2022'[39m,
  meta: {
    modelName: [32m'Ticket'[39m,
    column: [32m'colonne'[39m
  },
  clientVersion: [32m'6.19.3'[39m
}
[31m[Nest] 17448  - [39m26/04/2026 15:18:47 [31m  ERROR[39m [38;5;3m[ReportingService] [39m[31mGrouped reporting failed for reportType=zone; falling back to legacy KPI dashboard.[39m
PrismaClientKnownRequestError: 
Invalid `this.prisma.ticket.findMany()` invocation in
C:\Projects\NAWETANE\backend\src\reporting\reporting.service.ts:130:28

  127     },
  128   },
  129 }),
→ 130 this.prisma.ticket.findMany(
The column `colonne` does not exist in the current database.
    at ei.handleRequestError (C:\Projects\NAWETANE\backend\node_modules\@prisma\client\src\runtime\RequestHandler.ts:228:13)
    at ei.handleAndLogRequestError (C:\Projects\NAWETANE\backend\node_modules\@prisma\client\src\runtime\RequestHandler.ts:174:12)
    at ei.request (C:\Projects\NAWETANE\backend\node_modules\@prisma\client\src\runtime\RequestHandler.ts:143:12)
    at async a (C:\Projects\NAWETANE\backend\node_modules\@prisma\client\src\runtime\getPrismaClient.ts:833:24)
    at async Promise.all (index 2)
    at async ReportingService.getDashboard (C:\Projects\NAWETANE\backend\src\reporting\reporting.service.ts:95:62)
    at async C:\Projects\NAWETANE\backend\node_modules\@nestjs\core\router\router-execution-context.js:46:28
    at async C:\Projects\NAWETANE\backend\node_modules\@nestjs\core\router\router-proxy.js:9:17
[31m[Nest] 17448  - [39m26/04/2026 15:18:52 [31m  ERROR[39m [38;5;3m[ReportingService] [39m[31mGrouped reporting failed for reportType=zone; falling back to legacy KPI dashboard.[39m
PrismaClientKnownRequestError: 
Invalid `this.prisma.ticket.findMany()` invocation in
C:\Projects\NAWETANE\backend\src\reporting\reporting.service.ts:130:28

  127     },
  128   },
  129 }),
→ 130 this.prisma.ticket.findMany(
The column `colonne` does not exist in the current database.
    at ei.handleRequestError (C:\Projects\NAWETANE\backend\node_modules\@prisma\client\src\runtime\RequestHandler.ts:228:13)
    at ei.handleAndLogRequestError (C:\Projects\NAWETANE\backend\node_modules\@prisma\client\src\runtime\RequestHandler.ts:174:12)
    at ei.request (C:\Projects\NAWETANE\backend\node_modules\@prisma\client\src\runtime\RequestHandler.ts:143:12)
    at async a (C:\Projects\NAWETANE\backend\node_modules\@prisma\client\src\runtime\getPrismaClient.ts:833:24)
    at async Promise.all (index 2)
    at async ReportingService.getDashboard (C:\Projects\NAWETANE\backend\src\reporting\reporting.service.ts:95:62)
    at async C:\Projects\NAWETANE\backend\node_modules\@nestjs\core\router\router-execution-context.js:46:28
    at async C:\Projects\NAWETANE\backend\node_modules\@nestjs\core\router\router-proxy.js:9:17
[31m[Nest] 17448  - [39m26/04/2026 15:19:27 [31m  ERROR[39m [38;5;3m[ReportingService] [39m[31mGrouped reporting failed for reportType=zone; falling back to legacy KPI dashboard.[39m
PrismaClientKnownRequestError: 
Invalid `this.prisma.ticket.findMany()` invocation in
C:\Projects\NAWETANE\backend\src\reporting\reporting.service.ts:130:28

  127     },
  128   },
  129 }),
→ 130 this.prisma.ticket.findMany(
The column `colonne` does not exist in the current database.
    at ei.handleRequestError (C:\Projects\NAWETANE\backend\node_modules\@prisma\client\src\runtime\RequestHandler.ts:228:13)
    at ei.handleAndLogRequestError (C:\Projects\NAWETANE\backend\node_modules\@prisma\client\src\runtime\RequestHandler.ts:174:12)
    at ei.request (C:\Projects\NAWETANE\backend\node_modules\@prisma\client\src\runtime\RequestHandler.ts:143:12)
    at async a (C:\Projects\NAWETANE\backend\node_modules\@prisma\client\src\runtime\getPrismaClient.ts:833:24)
    at async Promise.all (index 2)
    at async ReportingService.getDashboard (C:\Projects\NAWETANE\backend\src\reporting\reporting.service.ts:95:62)
    at async C:\Projects\NAWETANE\backend\node_modules\@nestjs\core\router\router-execution-context.js:46:28
    at async C:\Projects\NAWETANE\backend\node_modules\@nestjs\core\router\router-proxy.js:9:17
[31m[Nest] 17448  - [39m26/04/2026 15:19:30 [31m  ERROR[39m [38;5;3m[ExceptionsHandler] [39mPrismaClientKnownRequestError: 
Invalid `this.prisma.order.findMany()` invocation in
C:\Projects\NAWETANE\backend\src\reporting\reporting.service.ts:754:30

  751 const scope = user.scope ?? buildScopeContext(user);
  752 const matchWhere = this.buildMatchWhere(scope, query);
  753 
→ 754 return this.prisma.order.findMany(
The column `colonne` does not exist in the current database.
    at ei.handleRequestError [90m(C:\Projects\NAWETANE\backend\[39mnode_modules\[4m@prisma[24m\client\src\runtime\RequestHandler.ts:228:13[90m)[39m
    at ei.handleAndLogRequestError [90m(C:\Projects\NAWETANE\backend\[39mnode_modules\[4m@prisma[24m\client\src\runtime\RequestHandler.ts:174:12[90m)[39m
    at ei.request [90m(C:\Projects\NAWETANE\backend\[39mnode_modules\[4m@prisma[24m\client\src\runtime\RequestHandler.ts:143:12[90m)[39m
    at async a [90m(C:\Projects\NAWETANE\backend\[39mnode_modules\[4m@prisma[24m\client\src\runtime\getPrismaClient.ts:833:24[90m)[39m
    at async Promise.all (index 1)
    at async ReportingService.exportSalesByMatchWorkbook [90m(C:\Projects\NAWETANE\backend\[39msrc\reporting\reporting.service.ts:243:44[90m)[39m
    at async ReportingController.exportSalesByMatch [90m(C:\Projects\NAWETANE\backend\[39msrc\reporting\reporting.controller.ts:69:20[90m)[39m
    at async [90mC:\Projects\NAWETANE\backend\[39mnode_modules\[4m@nestjs[24m\core\router\router-execution-context.js:46:28
    at async [90mC:\Projects\NAWETANE\backend\[39mnode_modules\[4m@nestjs[24m\core\router\router-proxy.js:9:17 {
  code: [32m'P2022'[39m,
  meta: {
    modelName: [32m'Order'[39m,
    column: [32m'colonne'[39m
  },
  clientVersion: [32m'6.19.3'[39m
}
[31m[Nest] 17448  - [39m26/04/2026 15:19:34 [31m  ERROR[39m [38;5;3m[ReportingService] [39m[31mGrouped reporting failed for reportType=zone; falling back to legacy KPI dashboard.[39m
PrismaClientKnownRequestError: 
Invalid `this.prisma.ticket.findMany()` invocation in
C:\Projects\NAWETANE\backend\src\reporting\reporting.service.ts:130:28

  127     },
  128   },
  129 }),
→ 130 this.prisma.ticket.findMany(
The column `colonne` does not exist in the current database.
    at ei.handleRequestError (C:\Projects\NAWETANE\backend\node_modules\@prisma\client\src\runtime\RequestHandler.ts:228:13)
    at ei.handleAndLogRequestError (C:\Projects\NAWETANE\backend\node_modules\@prisma\client\src\runtime\RequestHandler.ts:174:12)
    at ei.request (C:\Projects\NAWETANE\backend\node_modules\@prisma\client\src\runtime\RequestHandler.ts:143:12)
    at async a (C:\Projects\NAWETANE\backend\node_modules\@prisma\client\src\runtime\getPrismaClient.ts:833:24)
    at async Promise.all (index 2)
    at async ReportingService.getDashboard (C:\Projects\NAWETANE\backend\src\reporting\reporting.service.ts:95:62)
    at async C:\Projects\NAWETANE\backend\node_modules\@nestjs\core\router\router-execution-context.js:46:28
    at async C:\Projects\NAWETANE\backend\node_modules\@nestjs\core\router\router-proxy.js:9:17
[31m[Nest] 17448  - [39m26/04/2026 15:19:34 [31m  ERROR[39m [38;5;3m[ReportingService] [39m[31mGrouped reporting failed for reportType=zone; falling back to legacy KPI dashboard.[39m
PrismaClientKnownRequestError: 
Invalid `this.prisma.order.findMany()` invocation in
C:\Projects\NAWETANE\backend\src\reporting\reporting.service.ts:111:27

  108     awayTeam: true,
  109   },
  110 }),
→ 111 this.prisma.order.findMany(
The column `colonne` does not exist in the current database.
    at ei.handleRequestError (C:\Projects\NAWETANE\backend\node_modules\@prisma\client\src\runtime\RequestHandler.ts:228:13)
    at ei.handleAndLogRequestError (C:\Projects\NAWETANE\backend\node_modules\@prisma\client\src\runtime\RequestHandler.ts:174:12)
    at ei.request (C:\Projects\NAWETANE\backend\node_modules\@prisma\client\src\runtime\RequestHandler.ts:143:12)
    at async a (C:\Projects\NAWETANE\backend\node_modules\@prisma\client\src\runtime\getPrismaClient.ts:833:24)
    at async Promise.all (index 1)
    at async ReportingService.getDashboard (C:\Projects\NAWETANE\backend\src\reporting\reporting.service.ts:95:62)
    at async C:\Projects\NAWETANE\backend\node_modules\@nestjs\core\router\router-execution-context.js:46:28
    at async C:\Projects\NAWETANE\backend\node_modules\@nestjs\core\router\router-proxy.js:9:17
[31m[Nest] 17448  - [39m26/04/2026 15:19:35 [31m  ERROR[39m [38;5;3m[ReportingService] [39m[31mGrouped reporting failed for reportType=zone; falling back to legacy KPI dashboard.[39m
PrismaClientKnownRequestError: 
Invalid `this.prisma.order.findMany()` invocation in
C:\Projects\NAWETANE\backend\src\reporting\reporting.service.ts:111:27

  108     awayTeam: true,
  109   },
  110 }),
→ 111 this.prisma.order.findMany(
The column `colonne` does not exist in the current database.
    at ei.handleRequestError (C:\Projects\NAWETANE\backend\node_modules\@prisma\client\src\runtime\RequestHandler.ts:228:13)
    at ei.handleAndLogRequestError (C:\Projects\NAWETANE\backend\node_modules\@prisma\client\src\runtime\RequestHandler.ts:174:12)
    at ei.request (C:\Projects\NAWETANE\backend\node_modules\@prisma\client\src\runtime\RequestHandler.ts:143:12)
    at async a (C:\Projects\NAWETANE\backend\node_modules\@prisma\client\src\runtime\getPrismaClient.ts:833:24)
    at async Promise.all (index 1)
    at async ReportingService.getDashboard (C:\Projects\NAWETANE\backend\src\reporting\reporting.service.ts:95:62)
    at async C:\Projects\NAWETANE\backend\node_modules\@nestjs\core\router\router-execution-context.js:46:28
    at async C:\Projects\NAWETANE\backend\node_modules\@nestjs\core\router\router-proxy.js:9:17
[31m[Nest] 17448  - [39m26/04/2026 15:19:35 [31m  ERROR[39m [38;5;3m[ReportingService] [39m[31mGrouped reporting failed for reportType=zone; falling back to legacy KPI dashboard.[39m
PrismaClientKnownRequestError: 
Invalid `this.prisma.order.findMany()` invocation in
C:\Projects\NAWETANE\backend\src\reporting\reporting.service.ts:111:27

  108     awayTeam: true,
  109   },
  110 }),
→ 111 this.prisma.order.findMany(
The column `colonne` does not exist in the current database.
    at ei.handleRequestError (C:\Projects\NAWETANE\backend\node_modules\@prisma\client\src\runtime\RequestHandler.ts:228:13)
    at ei.handleAndLogRequestError (C:\Projects\NAWETANE\backend\node_modules\@prisma\client\src\runtime\RequestHandler.ts:174:12)
    at ei.request (C:\Projects\NAWETANE\backend\node_modules\@prisma\client\src\runtime\RequestHandler.ts:143:12)
    at async a (C:\Projects\NAWETANE\backend\node_modules\@prisma\client\src\runtime\getPrismaClient.ts:833:24)
    at async Promise.all (index 1)
    at async ReportingService.getDashboard (C:\Projects\NAWETANE\backend\src\reporting\reporting.service.ts:95:62)
    at async C:\Projects\NAWETANE\backend\node_modules\@nestjs\core\router\router-execution-context.js:46:28
    at async C:\Projects\NAWETANE\backend\node_modules\@nestjs\core\router\router-proxy.js:9:17
[31m[Nest] 17448  - [39m26/04/2026 15:19:35 [31m  ERROR[39m [38;5;3m[ReportingService] [39m[31mGrouped reporting failed for reportType=zone; falling back to legacy KPI dashboard.[39m
PrismaClientKnownRequestError: 
Invalid `this.prisma.ticket.findMany()` invocation in
C:\Projects\NAWETANE\backend\src\reporting\reporting.service.ts:130:28

  127     },
  128   },
  129 }),
→ 130 this.prisma.ticket.findMany(
The column `colonne` does not exist in the current database.
    at ei.handleRequestError (C:\Projects\NAWETANE\backend\node_modules\@prisma\client\src\runtime\RequestHandler.ts:228:13)
    at ei.handleAndLogRequestError (C:\Projects\NAWETANE\backend\node_modules\@prisma\client\src\runtime\RequestHandler.ts:174:12)
    at ei.request (C:\Projects\NAWETANE\backend\node_modules\@prisma\client\src\runtime\RequestHandler.ts:143:12)
    at async a (C:\Projects\NAWETANE\backend\node_modules\@prisma\client\src\runtime\getPrismaClient.ts:833:24)
    at async Promise.all (index 2)
    at async ReportingService.getDashboard (C:\Projects\NAWETANE\backend\src\reporting\reporting.service.ts:95:62)
    at async C:\Projects\NAWETANE\backend\node_modules\@nestjs\core\router\router-execution-context.js:46:28
    at async C:\Projects\NAWETANE\backend\node_modules\@nestjs\core\router\router-proxy.js:9:17
[31m[Nest] 17448  - [39m26/04/2026 15:19:36 [31m  ERROR[39m [38;5;3m[ReportingService] [39m[31mGrouped reporting failed for reportType=zone; falling back to legacy KPI dashboard.[39m
PrismaClientKnownRequestError: 
Invalid `this.prisma.ticket.findMany()` invocation in
C:\Projects\NAWETANE\backend\src\reporting\reporting.service.ts:130:28

  127     },
  128   },
  129 }),
→ 130 this.prisma.ticket.findMany(
The column `colonne` does not exist in the current database.
    at ei.handleRequestError (C:\Projects\NAWETANE\backend\node_modules\@prisma\client\src\runtime\RequestHandler.ts:228:13)
    at ei.handleAndLogRequestError (C:\Projects\NAWETANE\backend\node_modules\@prisma\client\src\runtime\RequestHandler.ts:174:12)
    at ei.request (C:\Projects\NAWETANE\backend\node_modules\@prisma\client\src\runtime\RequestHandler.ts:143:12)
    at async a (C:\Projects\NAWETANE\backend\node_modules\@prisma\client\src\runtime\getPrismaClient.ts:833:24)
    at async Promise.all (index 2)
    at async ReportingService.getDashboard (C:\Projects\NAWETANE\backend\src\reporting\reporting.service.ts:95:62)
    at async C:\Projects\NAWETANE\backend\node_modules\@nestjs\core\router\router-execution-context.js:46:28
    at async C:\Projects\NAWETANE\backend\node_modules\@nestjs\core\router\router-proxy.js:9:17
[31m[Nest] 17448  - [39m26/04/2026 15:19:36 [31m  ERROR[39m [38;5;3m[ReportingService] [39m[31mGrouped reporting failed for reportType=zone; falling back to legacy KPI dashboard.[39m
PrismaClientKnownRequestError: 
Invalid `this.prisma.order.findMany()` invocation in
C:\Projects\NAWETANE\backend\src\reporting\reporting.service.ts:111:27

  108     awayTeam: true,
  109   },
  110 }),
→ 111 this.prisma.order.findMany(
The column `colonne` does not exist in the current database.
    at ei.handleRequestError (C:\Projects\NAWETANE\backend\node_modules\@prisma\client\src\runtime\RequestHandler.ts:228:13)
    at ei.handleAndLogRequestError (C:\Projects\NAWETANE\backend\node_modules\@prisma\client\src\runtime\RequestHandler.ts:174:12)
    at ei.request (C:\Projects\NAWETANE\backend\node_modules\@prisma\client\src\runtime\RequestHandler.ts:143:12)
    at async a (C:\Projects\NAWETANE\backend\node_modules\@prisma\client\src\runtime\getPrismaClient.ts:833:24)
    at async Promise.all (index 1)
    at async ReportingService.getDashboard (C:\Projects\NAWETANE\backend\src\reporting\reporting.service.ts:95:62)
    at async C:\Projects\NAWETANE\backend\node_modules\@nestjs\core\router\router-execution-context.js:46:28
    at async C:\Projects\NAWETANE\backend\node_modules\@nestjs\core\router\router-proxy.js:9:17
