
> nawettane-backend@0.1.0 start:prod
> node dist/src/main.js

[32m[Nest] 18648  - [39m22/04/2026 17:57:12 [32m    LOG[39m [38;5;3m[NestFactory] [39m[32mStarting Nest application...[39m
[32m[Nest] 18648  - [39m22/04/2026 17:57:12 [32m    LOG[39m [38;5;3m[InstanceLoader] [39m[32mPrismaModule dependencies initialized[39m[38;5;3m +33ms[39m
[32m[Nest] 18648  - [39m22/04/2026 17:57:12 [32m    LOG[39m [38;5;3m[InstanceLoader] [39m[32mPassportModule dependencies initialized[39m[38;5;3m +0ms[39m
[32m[Nest] 18648  - [39m22/04/2026 17:57:12 [32m    LOG[39m [38;5;3m[InstanceLoader] [39m[32mSeasonsModule dependencies initialized[39m[38;5;3m +0ms[39m
[32m[Nest] 18648  - [39m22/04/2026 17:57:12 [32m    LOG[39m [38;5;3m[InstanceLoader] [39m[32mConfigHostModule dependencies initialized[39m[38;5;3m +5ms[39m
[32m[Nest] 18648  - [39m22/04/2026 17:57:12 [32m    LOG[39m [38;5;3m[InstanceLoader] [39m[32mUsersModule dependencies initialized[39m[38;5;3m +1ms[39m
[32m[Nest] 18648  - [39m22/04/2026 17:57:12 [32m    LOG[39m [38;5;3m[InstanceLoader] [39m[32mConfigModule dependencies initialized[39m[38;5;3m +1ms[39m
[32m[Nest] 18648  - [39m22/04/2026 17:57:12 [32m    LOG[39m [38;5;3m[InstanceLoader] [39m[32mConfigModule dependencies initialized[39m[38;5;3m +0ms[39m
[32m[Nest] 18648  - [39m22/04/2026 17:57:12 [32m    LOG[39m [38;5;3m[InstanceLoader] [39m[32mAppModule dependencies initialized[39m[38;5;3m +0ms[39m
[32m[Nest] 18648  - [39m22/04/2026 17:57:12 [32m    LOG[39m [38;5;3m[InstanceLoader] [39m[32mOrdersModule dependencies initialized[39m[38;5;3m +2ms[39m
[32m[Nest] 18648  - [39m22/04/2026 17:57:12 [32m    LOG[39m [38;5;3m[InstanceLoader] [39m[32mPaymentsModule dependencies initialized[39m[38;5;3m +0ms[39m
[32m[Nest] 18648  - [39m22/04/2026 17:57:12 [32m    LOG[39m [38;5;3m[InstanceLoader] [39m[32mTicketsModule dependencies initialized[39m[38;5;3m +0ms[39m
[32m[Nest] 18648  - [39m22/04/2026 17:57:12 [32m    LOG[39m [38;5;3m[InstanceLoader] [39m[32mJwtModule dependencies initialized[39m[38;5;3m +0ms[39m
[32m[Nest] 18648  - [39m22/04/2026 17:57:12 [32m    LOG[39m [38;5;3m[InstanceLoader] [39m[32mOrganizationsModule dependencies initialized[39m[38;5;3m +1ms[39m
[32m[Nest] 18648  - [39m22/04/2026 17:57:12 [32m    LOG[39m [38;5;3m[InstanceLoader] [39m[32mMatchesModule dependencies initialized[39m[38;5;3m +0ms[39m
[32m[Nest] 18648  - [39m22/04/2026 17:57:12 [32m    LOG[39m [38;5;3m[InstanceLoader] [39m[32mScansModule dependencies initialized[39m[38;5;3m +0ms[39m
[32m[Nest] 18648  - [39m22/04/2026 17:57:12 [32m    LOG[39m [38;5;3m[InstanceLoader] [39m[32mReportingModule dependencies initialized[39m[38;5;3m +0ms[39m
[32m[Nest] 18648  - [39m22/04/2026 17:57:12 [32m    LOG[39m [38;5;3m[InstanceLoader] [39m[32mAuthModule dependencies initialized[39m[38;5;3m +1ms[39m
[32m[Nest] 18648  - [39m22/04/2026 17:57:12 [32m    LOG[39m [38;5;3m[RoutesResolver] [39m[32mAuthController {/api}:[39m[38;5;3m +32ms[39m
[32m[Nest] 18648  - [39m22/04/2026 17:57:12 [32m    LOG[39m [38;5;3m[RouterExplorer] [39m[32mMapped {/api/auth/login, POST} route[39m[38;5;3m +3ms[39m
[32m[Nest] 18648  - [39m22/04/2026 17:57:12 [32m    LOG[39m [38;5;3m[RouterExplorer] [39m[32mMapped {/api/me, GET} route[39m[38;5;3m +1ms[39m
[32m[Nest] 18648  - [39m22/04/2026 17:57:12 [32m    LOG[39m [38;5;3m[RoutesResolver] [39m[32mOrganizationsController {/api/organizations}:[39m[38;5;3m +0ms[39m
[32m[Nest] 18648  - [39m22/04/2026 17:57:12 [32m    LOG[39m [38;5;3m[RouterExplorer] [39m[32mMapped {/api/organizations/tree, GET} route[39m[38;5;3m +0ms[39m
[32m[Nest] 18648  - [39m22/04/2026 17:57:12 [32m    LOG[39m [38;5;3m[RouterExplorer] [39m[32mMapped {/api/organizations/:id, GET} route[39m[38;5;3m +1ms[39m
[32m[Nest] 18648  - [39m22/04/2026 17:57:12 [32m    LOG[39m [38;5;3m[RoutesResolver] [39m[32mMatchesController {/api/matches}:[39m[38;5;3m +0ms[39m
[32m[Nest] 18648  - [39m22/04/2026 17:57:12 [32m    LOG[39m [38;5;3m[RouterExplorer] [39m[32mMapped {/api/matches, GET} route[39m[38;5;3m +1ms[39m
[32m[Nest] 18648  - [39m22/04/2026 17:57:12 [32m    LOG[39m [38;5;3m[RouterExplorer] [39m[32mMapped {/api/matches, POST} route[39m[38;5;3m +0ms[39m
[32m[Nest] 18648  - [39m22/04/2026 17:57:12 [32m    LOG[39m [38;5;3m[RouterExplorer] [39m[32mMapped {/api/matches/:id, GET} route[39m[38;5;3m +0ms[39m
[32m[Nest] 18648  - [39m22/04/2026 17:57:12 [32m    LOG[39m [38;5;3m[RouterExplorer] [39m[32mMapped {/api/matches/:id, PATCH} route[39m[38;5;3m +1ms[39m
[32m[Nest] 18648  - [39m22/04/2026 17:57:12 [32m    LOG[39m [38;5;3m[RouterExplorer] [39m[32mMapped {/api/matches/:id/publish, POST} route[39m[38;5;3m +0ms[39m
[32m[Nest] 18648  - [39m22/04/2026 17:57:12 [32m    LOG[39m [38;5;3m[RoutesResolver] [39m[32mOrdersController {/api/orders}:[39m[38;5;3m +1ms[39m
[32m[Nest] 18648  - [39m22/04/2026 17:57:12 [32m    LOG[39m [38;5;3m[RouterExplorer] [39m[32mMapped {/api/orders, POST} route[39m[38;5;3m +0ms[39m
[32m[Nest] 18648  - [39m22/04/2026 17:57:12 [32m    LOG[39m [38;5;3m[RoutesResolver] [39m[32mPaymentsController {/api/payments}:[39m[38;5;3m +0ms[39m
[32m[Nest] 18648  - [39m22/04/2026 17:57:12 [32m    LOG[39m [38;5;3m[RouterExplorer] [39m[32mMapped {/api/payments/:orderId/mock-confirm, POST} route[39m[38;5;3m +0ms[39m
[32m[Nest] 18648  - [39m22/04/2026 17:57:12 [32m    LOG[39m [38;5;3m[RoutesResolver] [39m[32mTicketsController {/api/tickets}:[39m[38;5;3m +0ms[39m
[32m[Nest] 18648  - [39m22/04/2026 17:57:12 [32m    LOG[39m [38;5;3m[RouterExplorer] [39m[32mMapped {/api/tickets/:id, GET} route[39m[38;5;3m +0ms[39m
[32m[Nest] 18648  - [39m22/04/2026 17:57:12 [32m    LOG[39m [38;5;3m[RoutesResolver] [39m[32mScansController {/api/scan}:[39m[38;5;3m +0ms[39m
[32m[Nest] 18648  - [39m22/04/2026 17:57:12 [32m    LOG[39m [38;5;3m[RouterExplorer] [39m[32mMapped {/api/scan/validate, POST} route[39m[38;5;3m +0ms[39m
[32m[Nest] 18648  - [39m22/04/2026 17:57:12 [32m    LOG[39m [38;5;3m[RoutesResolver] [39m[32mReportingController {/api/reports}:[39m[38;5;3m +0ms[39m
[32m[Nest] 18648  - [39m22/04/2026 17:57:12 [32m    LOG[39m [38;5;3m[RouterExplorer] [39m[32mMapped {/api/reports/dashboard, GET} route[39m[38;5;3m +0ms[39m
[32m[Nest] 18648  - [39m22/04/2026 17:57:12 [32m    LOG[39m [38;5;3m[NestApplication] [39m[32mNest application successfully started[39m[38;5;3m +67ms[39m
[Nest] 18648  - 22/04/2026 17:57:12   ERROR [NestApplication] Error: listen EADDRINUSE: address already in use :::3002 +3ms
node:net:1940
    const ex = new UVExceptionWithHostPort(err, 'listen', address, port);
               ^

Error: listen EADDRINUSE: address already in use :::3002
    at Server.setupListenHandle [as _listen2] (node:net:1940:16)
    at listenInCluster (node:net:1997:12)
    at Server.listen (node:net:2102:7)
    at ExpressAdapter.listen (C:\Projects\NAWETANE\backend\node_modules\@nestjs\platform-express\adapters\express-adapter.js:115:32)
    at C:\Projects\NAWETANE\backend\node_modules\@nestjs\core\nest-application.js:188:30
    at new Promise (<anonymous>)
    at NestApplication.listen (C:\Projects\NAWETANE\backend\node_modules\@nestjs\core\nest-application.js:178:16)
    at async bootstrap (C:\Projects\NAWETANE\backend\dist\src\main.js:29:5) {
  code: 'EADDRINUSE',
  errno: -4091,
  syscall: 'listen',
  address: '::',
  port: 3002
}

Node.js v22.18.0
